<?xml version="1.0" encoding="UTF-8"?>
<testsuite xmlns:xsi="http://www.w3.org/2001/XMLSchema-instance" xsi:noNamespaceSchemaLocation="https://maven.apache.org/surefire/maven-surefire-plugin/xsd/surefire-test-report.xsd" name="TestSuite" time="219.84" tests="43" errors="0" skipped="0" failures="0">
  <properties>
    <property name="sun.desktop" value="windows"/>
    <property name="awt.toolkit" value="sun.awt.windows.WToolkit"/>
    <property name="file.encoding.pkg" value="sun.io"/>
    <property name="java.specification.version" value="1.8"/>
    <property name="sun.cpu.isalist" value="amd64"/>
    <property name="sun.jnu.encoding" value="Cp1252"/>
    <property name="java.class.path" value="C:\Users\Surajk\IdeaProjects\com.qa.demo\target\test-classes;C:\Users\Surajk\IdeaProjects\com.qa.demo\target\classes;C:\Users\Surajk\.m2\repository\io\github\bonigarcia\webdrivermanager\3.8.1\webdrivermanager-3.8.1.jar;C:\Users\Surajk\.m2\repository\commons-io\commons-io\2.6\commons-io-2.6.jar;C:\Users\Surajk\.m2\repository\com\google\code\gson\gson\2.8.5\gson-2.8.5.jar;C:\Users\Surajk\.m2\repository\org\apache\commons\commons-lang3\3.8.1\commons-lang3-3.8.1.jar;C:\Users\Surajk\.m2\repository\org\apache\httpcomponents\httpclient\4.5.6\httpclient-4.5.6.jar;C:\Users\Surajk\.m2\repository\org\apache\httpcomponents\httpcore\4.4.10\httpcore-4.4.10.jar;C:\Users\Surajk\.m2\repository\commons-logging\commons-logging\1.2\commons-logging-1.2.jar;C:\Users\Surajk\.m2\repository\org\rauschig\jarchivelib\1.0.0\jarchivelib-1.0.0.jar;C:\Users\Surajk\.m2\repository\org\jsoup\jsoup\1.11.3\jsoup-1.11.3.jar;C:\Users\Surajk\.m2\repository\org\testng\testng\7.1.0\testng-7.1.0.jar;C:\Users\Surajk\.m2\repository\com\beust\jcommander\1.72\jcommander-1.72.jar;C:\Users\Surajk\.m2\repository\com\google\inject\guice\4.1.0\guice-4.1.0-no_aop.jar;C:\Users\Surajk\.m2\repository\javax\inject\javax.inject\1\javax.inject-1.jar;C:\Users\Surajk\.m2\repository\aopalliance\aopalliance\1.0\aopalliance-1.0.jar;C:\Users\Surajk\.m2\repository\org\yaml\snakeyaml\1.21\snakeyaml-1.21.jar;C:\Users\Surajk\.m2\repository\org\seleniumhq\selenium\selenium-java\3.141.59\selenium-java-3.141.59.jar;C:\Users\Surajk\.m2\repository\org\seleniumhq\selenium\selenium-api\3.141.59\selenium-api-3.141.59.jar;C:\Users\Surajk\.m2\repository\org\seleniumhq\selenium\selenium-chrome-driver\3.141.59\selenium-chrome-driver-3.141.59.jar;C:\Users\Surajk\.m2\repository\org\seleniumhq\selenium\selenium-edge-driver\3.141.59\selenium-edge-driver-3.141.59.jar;C:\Users\Surajk\.m2\repository\org\seleniumhq\selenium\selenium-firefox-driver\3.141.59\selenium-firefox-driver-3.141.59.jar;C:\Users\Surajk\.m2\repository\org\seleniumhq\selenium\selenium-ie-driver\3.141.59\selenium-ie-driver-3.141.59.jar;C:\Users\Surajk\.m2\repository\org\seleniumhq\selenium\selenium-opera-driver\3.141.59\selenium-opera-driver-3.141.59.jar;C:\Users\Surajk\.m2\repository\org\seleniumhq\selenium\selenium-remote-driver\3.141.59\selenium-remote-driver-3.141.59.jar;C:\Users\Surajk\.m2\repository\org\seleniumhq\selenium\selenium-safari-driver\3.141.59\selenium-safari-driver-3.141.59.jar;C:\Users\Surajk\.m2\repository\org\seleniumhq\selenium\selenium-support\3.141.59\selenium-support-3.141.59.jar;C:\Users\Surajk\.m2\repository\net\bytebuddy\byte-buddy\1.8.15\byte-buddy-1.8.15.jar;C:\Users\Surajk\.m2\repository\org\apache\commons\commons-exec\1.3\commons-exec-1.3.jar;C:\Users\Surajk\.m2\repository\com\google\guava\guava\25.0-jre\guava-25.0-jre.jar;C:\Users\Surajk\.m2\repository\com\google\code\findbugs\jsr305\1.3.9\jsr305-1.3.9.jar;C:\Users\Surajk\.m2\repository\org\checkerframework\checker-compat-qual\2.0.0\checker-compat-qual-2.0.0.jar;C:\Users\Surajk\.m2\repository\com\google\errorprone\error_prone_annotations\2.1.3\error_prone_annotations-2.1.3.jar;C:\Users\Surajk\.m2\repository\com\google\j2objc\j2objc-annotations\1.1\j2objc-annotations-1.1.jar;C:\Users\Surajk\.m2\repository\org\codehaus\mojo\animal-sniffer-annotations\1.14\animal-sniffer-annotations-1.14.jar;C:\Users\Surajk\.m2\repository\com\squareup\okhttp3\okhttp\3.11.0\okhttp-3.11.0.jar;C:\Users\Surajk\.m2\repository\com\squareup\okio\okio\1.14.0\okio-1.14.0.jar;C:\Users\Surajk\.m2\repository\org\apache\poi\poi\4.1.1\poi-4.1.1.jar;C:\Users\Surajk\.m2\repository\commons-codec\commons-codec\1.13\commons-codec-1.13.jar;C:\Users\Surajk\.m2\repository\org\apache\commons\commons-collections4\4.4\commons-collections4-4.4.jar;C:\Users\Surajk\.m2\repository\org\apache\commons\commons-math3\3.6.1\commons-math3-3.6.1.jar;C:\Users\Surajk\.m2\repository\com\aventstack\extentreports\4.1.5\extentreports-4.1.5.jar;C:\Users\Surajk\.m2\repository\org\freemarker\freemarker\2.3.29\freemarker-2.3.29.jar;C:\Users\Surajk\.m2\repository\org\apache\httpcomponents\httpmime\4.5.2\httpmime-4.5.2.jar;C:\Users\Surajk\.m2\repository\org\mongodb\mongodb-driver\3.12.0\mongodb-driver-3.12.0.jar;C:\Users\Surajk\.m2\repository\org\mongodb\mongodb-driver-core\3.12.0\mongodb-driver-core-3.12.0.jar;C:\Users\Surajk\.m2\repository\org\mongodb\bson\3.12.0\bson-3.12.0.jar;C:\Users\Surajk\.m2\repository\log4j\log4j\1.2.17\log4j-1.2.17.jar;C:\Users\Surajk\.m2\repository\org\apache\poi\poi-ooxml\4.1.0\poi-ooxml-4.1.0.jar;C:\Users\Surajk\.m2\repository\org\apache\poi\poi-ooxml-schemas\4.1.0\poi-ooxml-schemas-4.1.0.jar;C:\Users\Surajk\.m2\repository\org\apache\xmlbeans\xmlbeans\3.1.0\xmlbeans-3.1.0.jar;C:\Users\Surajk\.m2\repository\org\apache\commons\commons-compress\1.18\commons-compress-1.18.jar;C:\Users\Surajk\.m2\repository\com\github\virtuald\curvesapi\1.06\curvesapi-1.06.jar;C:\Users\Surajk\.m2\repository\org\slf4j\slf4j-api\1.7.5\slf4j-api-1.7.5.jar;C:\Users\Surajk\.m2\repository\org\slf4j\slf4j-log4j12\1.7.5\slf4j-log4j12-1.7.5.jar;C:\Users\Surajk\.m2\repository\org\apache\commons\commons-email\1.4\commons-email-1.4.jar;C:\Users\Surajk\.m2\repository\com\sun\mail\javax.mail\1.5.2\javax.mail-1.5.2.jar;C:\Users\Surajk\.m2\repository\javax\activation\activation\1.1.1\activation-1.1.1.jar;"/>
    <property name="java.vm.vendor" value="Oracle Corporation"/>
    <property name="sun.arch.data.model" value="64"/>
    <property name="user.variant" value=""/>
    <property name="java.vendor.url" value="http://java.oracle.com/"/>
    <property name="user.timezone" value="Asia/Calcutta"/>
    <property name="java.vm.specification.version" value="1.8"/>
    <property name="os.name" value="Windows 7"/>
    <property name="user.country" value="IN"/>
    <property name="sun.java.launcher" value="SUN_STANDARD"/>
    <property name="sun.boot.library.path" value="C:\Program Files\Java\jdk1.8.0_144\jre\bin"/>
    <property name="sun.java.command" value="C:\Users\Surajk\AppData\Local\Temp\surefire7890543265094863336\surefirebooter1880088058870926688.jar C:\Users\Surajk\AppData\Local\Temp\surefire7890543265094863336 2020-08-09T14-02-20_575-jvmRun1 surefire1324134296784015943tmp surefire_02501505436101935118tmp"/>
    <property name="surefire.test.class.path" value="C:\Users\Surajk\IdeaProjects\com.qa.demo\target\test-classes;C:\Users\Surajk\IdeaProjects\com.qa.demo\target\classes;C:\Users\Surajk\.m2\repository\io\github\bonigarcia\webdrivermanager\3.8.1\webdrivermanager-3.8.1.jar;C:\Users\Surajk\.m2\repository\commons-io\commons-io\2.6\commons-io-2.6.jar;C:\Users\Surajk\.m2\repository\com\google\code\gson\gson\2.8.5\gson-2.8.5.jar;C:\Users\Surajk\.m2\repository\org\apache\commons\commons-lang3\3.8.1\commons-lang3-3.8.1.jar;C:\Users\Surajk\.m2\repository\org\apache\httpcomponents\httpclient\4.5.6\httpclient-4.5.6.jar;C:\Users\Surajk\.m2\repository\org\apache\httpcomponents\httpcore\4.4.10\httpcore-4.4.10.jar;C:\Users\Surajk\.m2\repository\commons-logging\commons-logging\1.2\commons-logging-1.2.jar;C:\Users\Surajk\.m2\repository\org\rauschig\jarchivelib\1.0.0\jarchivelib-1.0.0.jar;C:\Users\Surajk\.m2\repository\org\jsoup\jsoup\1.11.3\jsoup-1.11.3.jar;C:\Users\Surajk\.m2\repository\org\testng\testng\7.1.0\testng-7.1.0.jar;C:\Users\Surajk\.m2\repository\com\beust\jcommander\1.72\jcommander-1.72.jar;C:\Users\Surajk\.m2\repository\com\google\inject\guice\4.1.0\guice-4.1.0-no_aop.jar;C:\Users\Surajk\.m2\repository\javax\inject\javax.inject\1\javax.inject-1.jar;C:\Users\Surajk\.m2\repository\aopalliance\aopalliance\1.0\aopalliance-1.0.jar;C:\Users\Surajk\.m2\repository\org\yaml\snakeyaml\1.21\snakeyaml-1.21.jar;C:\Users\Surajk\.m2\repository\org\seleniumhq\selenium\selenium-java\3.141.59\selenium-java-3.141.59.jar;C:\Users\Surajk\.m2\repository\org\seleniumhq\selenium\selenium-api\3.141.59\selenium-api-3.141.59.jar;C:\Users\Surajk\.m2\repository\org\seleniumhq\selenium\selenium-chrome-driver\3.141.59\selenium-chrome-driver-3.141.59.jar;C:\Users\Surajk\.m2\repository\org\seleniumhq\selenium\selenium-edge-driver\3.141.59\selenium-edge-driver-3.141.59.jar;C:\Users\Surajk\.m2\repository\org\seleniumhq\selenium\selenium-firefox-driver\3.141.59\selenium-firefox-driver-3.141.59.jar;C:\Users\Surajk\.m2\repository\org\seleniumhq\selenium\selenium-ie-driver\3.141.59\selenium-ie-driver-3.141.59.jar;C:\Users\Surajk\.m2\repository\org\seleniumhq\selenium\selenium-opera-driver\3.141.59\selenium-opera-driver-3.141.59.jar;C:\Users\Surajk\.m2\repository\org\seleniumhq\selenium\selenium-remote-driver\3.141.59\selenium-remote-driver-3.141.59.jar;C:\Users\Surajk\.m2\repository\org\seleniumhq\selenium\selenium-safari-driver\3.141.59\selenium-safari-driver-3.141.59.jar;C:\Users\Surajk\.m2\repository\org\seleniumhq\selenium\selenium-support\3.141.59\selenium-support-3.141.59.jar;C:\Users\Surajk\.m2\repository\net\bytebuddy\byte-buddy\1.8.15\byte-buddy-1.8.15.jar;C:\Users\Surajk\.m2\repository\org\apache\commons\commons-exec\1.3\commons-exec-1.3.jar;C:\Users\Surajk\.m2\repository\com\google\guava\guava\25.0-jre\guava-25.0-jre.jar;C:\Users\Surajk\.m2\repository\com\google\code\findbugs\jsr305\1.3.9\jsr305-1.3.9.jar;C:\Users\Surajk\.m2\repository\org\checkerframework\checker-compat-qual\2.0.0\checker-compat-qual-2.0.0.jar;C:\Users\Surajk\.m2\repository\com\google\errorprone\error_prone_annotations\2.1.3\error_prone_annotations-2.1.3.jar;C:\Users\Surajk\.m2\repository\com\google\j2objc\j2objc-annotations\1.1\j2objc-annotations-1.1.jar;C:\Users\Surajk\.m2\repository\org\codehaus\mojo\animal-sniffer-annotations\1.14\animal-sniffer-annotations-1.14.jar;C:\Users\Surajk\.m2\repository\com\squareup\okhttp3\okhttp\3.11.0\okhttp-3.11.0.jar;C:\Users\Surajk\.m2\repository\com\squareup\okio\okio\1.14.0\okio-1.14.0.jar;C:\Users\Surajk\.m2\repository\org\apache\poi\poi\4.1.1\poi-4.1.1.jar;C:\Users\Surajk\.m2\repository\commons-codec\commons-codec\1.13\commons-codec-1.13.jar;C:\Users\Surajk\.m2\repository\org\apache\commons\commons-collections4\4.4\commons-collections4-4.4.jar;C:\Users\Surajk\.m2\repository\org\apache\commons\commons-math3\3.6.1\commons-math3-3.6.1.jar;C:\Users\Surajk\.m2\repository\com\aventstack\extentreports\4.1.5\extentreports-4.1.5.jar;C:\Users\Surajk\.m2\repository\org\freemarker\freemarker\2.3.29\freemarker-2.3.29.jar;C:\Users\Surajk\.m2\repository\org\apache\httpcomponents\httpmime\4.5.2\httpmime-4.5.2.jar;C:\Users\Surajk\.m2\repository\org\mongodb\mongodb-driver\3.12.0\mongodb-driver-3.12.0.jar;C:\Users\Surajk\.m2\repository\org\mongodb\mongodb-driver-core\3.12.0\mongodb-driver-core-3.12.0.jar;C:\Users\Surajk\.m2\repository\org\mongodb\bson\3.12.0\bson-3.12.0.jar;C:\Users\Surajk\.m2\repository\log4j\log4j\1.2.17\log4j-1.2.17.jar;C:\Users\Surajk\.m2\repository\org\apache\poi\poi-ooxml\4.1.0\poi-ooxml-4.1.0.jar;C:\Users\Surajk\.m2\repository\org\apache\poi\poi-ooxml-schemas\4.1.0\poi-ooxml-schemas-4.1.0.jar;C:\Users\Surajk\.m2\repository\org\apache\xmlbeans\xmlbeans\3.1.0\xmlbeans-3.1.0.jar;C:\Users\Surajk\.m2\repository\org\apache\commons\commons-compress\1.18\commons-compress-1.18.jar;C:\Users\Surajk\.m2\repository\com\github\virtuald\curvesapi\1.06\curvesapi-1.06.jar;C:\Users\Surajk\.m2\repository\org\slf4j\slf4j-api\1.7.5\slf4j-api-1.7.5.jar;C:\Users\Surajk\.m2\repository\org\slf4j\slf4j-log4j12\1.7.5\slf4j-log4j12-1.7.5.jar;C:\Users\Surajk\.m2\repository\org\apache\commons\commons-email\1.4\commons-email-1.4.jar;C:\Users\Surajk\.m2\repository\com\sun\mail\javax.mail\1.5.2\javax.mail-1.5.2.jar;C:\Users\Surajk\.m2\repository\javax\activation\activation\1.1.1\activation-1.1.1.jar;"/>
    <property name="sun.cpu.endian" value="little"/>
    <property name="user.home" value="C:\Users\Surajk"/>
    <property name="user.language" value="en"/>
    <property name="java.specification.vendor" value="Oracle Corporation"/>
    <property name="java.home" value="C:\Program Files\Java\jdk1.8.0_144\jre"/>
    <property name="basedir" value="C:\Users\Surajk\IdeaProjects\com.qa.demo"/>
    <property name="file.separator" value="\"/>
    <property name="line.separator" value="&#10;"/>
    <property name="java.vm.specification.vendor" value="Oracle Corporation"/>
    <property name="java.specification.name" value="Java Platform API Specification"/>
    <property name="java.awt.graphicsenv" value="sun.awt.Win32GraphicsEnvironment"/>
    <property name="surefire.real.class.path" value="C:\Users\Surajk\AppData\Local\Temp\surefire7890543265094863336\surefirebooter1880088058870926688.jar"/>
    <property name="sun.boot.class.path" value="C:\Program Files\Java\jdk1.8.0_144\jre\lib\resources.jar;C:\Program Files\Java\jdk1.8.0_144\jre\lib\rt.jar;C:\Program Files\Java\jdk1.8.0_144\jre\lib\sunrsasign.jar;C:\Program Files\Java\jdk1.8.0_144\jre\lib\jsse.jar;C:\Program Files\Java\jdk1.8.0_144\jre\lib\jce.jar;C:\Program Files\Java\jdk1.8.0_144\jre\lib\charsets.jar;C:\Program Files\Java\jdk1.8.0_144\jre\lib\jfr.jar;C:\Program Files\Java\jdk1.8.0_144\jre\classes"/>
    <property name="user.script" value=""/>
    <property name="sun.management.compiler" value="HotSpot 64-Bit Tiered Compilers"/>
    <property name="java.runtime.version" value="1.8.0_144-b01"/>
    <property name="user.name" value="Surajk"/>
    <property name="path.separator" value=";"/>
    <property name="os.version" value="6.1"/>
    <property name="java.endorsed.dirs" value="C:\Program Files\Java\jdk1.8.0_144\jre\lib\endorsed"/>
    <property name="java.runtime.name" value="Java(TM) SE Runtime Environment"/>
    <property name="file.encoding" value="Cp1252"/>
    <property name="java.vm.name" value="Java HotSpot(TM) 64-Bit Server VM"/>
    <property name="localRepository" value="C:\Users\Surajk\.m2\repository"/>
    <property name="java.vendor.url.bug" value="http://bugreport.sun.com/bugreport/"/>
    <property name="java.io.tmpdir" value="C:\Users\Surajk\AppData\Local\Temp\"/>
    <property name="java.version" value="1.8.0_144"/>
    <property name="user.dir" value="C:\Users\Surajk\IdeaProjects\com.qa.demo"/>
    <property name="os.arch" value="amd64"/>
    <property name="java.vm.specification.name" value="Java Virtual Machine Specification"/>
    <property name="java.awt.printerjob" value="sun.awt.windows.WPrinterJob"/>
    <property name="sun.os.patch.level" value="Service Pack 1"/>
    <property name="java.library.path" value="C:\Program Files\Java\jdk1.8.0_144\jre\bin;C:\Windows\Sun\Java\bin;C:\Windows\system32;C:\Windows;C:\ProgramData\Oracle\Java\javapath;C:\Windows\system32;C:\Windows;C:\Windows\System32\Wbem;C:\Windows\System32\WindowsPowerShell\v1.0\;C:\Program Files\Java\jdk1.8.0_144\bin;C:\Program Files\Java\jre1.8.0_144\bin;C:\Program Files\nodejs\;C:\Users\Surajk\AppData\Local\Android\Sdk\platform-tools;C:\Users\Surajk\AppData\Local\Android\Sdk\tools;C:\Program Files\Microsoft\Web Platform Installer\;C:\Program Files (x86)\Microsoft ASP.NET\ASP.NET Web Pages\v1.0\;C:\Program Files (x86)\Windows Kits\8.0\Windows Performance Toolkit\;C:\Users\Surajk\AppData\Roaming\npm;C:\apache-maven-3.6.3\bin;C:\Users\Surajk\AppData\Local\Programs\Python\Python35\Scripts\;C:\Users\Surajk\AppData\Local\Programs\Python\Python35\;C:\Program Files\MySQL\MySQL Shell 8.0\bin\;C:\src\flutter\flutter\bin;C:\Program Files\JetBrains\PyCharm Community Edition 2020.1\bin;;C:\Program Files\JetBrains\IntelliJ IDEA Community Edition 2020.1.1\bin;;."/>
    <property name="java.vm.info" value="mixed mode"/>
    <property name="java.vendor" value="Oracle Corporation"/>
    <property name="java.vm.version" value="25.144-b01"/>
    <property name="java.ext.dirs" value="C:\Program Files\Java\jdk1.8.0_144\jre\lib\ext;C:\Windows\Sun\Java\lib\ext"/>
    <property name="sun.io.unicode.encoding" value="UnicodeLittle"/>
    <property name="java.class.version" value="52.0"/>
  </properties>
  <testcase name="verifyCheckOut" classname="com.qa.testcases.PageCart_Test" time="4.371"/>
  <testcase name="verify_CartProductDetails" classname="com.qa.testcases.PageSummary_Test" time="0.242"/>
  <testcase name="verify_ProductDetails" classname="com.qa.testcases.PageSummary_Test" time="0.574"/>
  <testcase name="verify_ProductCount" classname="com.qa.testcases.PageSummary_Test" time="0.037"/>
  <testcase name="verify_ProductAvailabilityStatus" classname="com.qa.testcases.PageSummary_Test" time="0.117"/>
  <testcase name="verify_ContinueShoppingFeature" classname="com.qa.testcases.PageSummary_Test" time="2.757"/>
  <testcase name="verify_ProceedToCheckOutFeature" classname="com.qa.testcases.PageSummary_Test" time="33.267"/>
  <testcase name="TC01" classname="com.qa.testcases.PageSignIn_Test" time="2.629"/>
  <testcase name="TC02" classname="com.qa.testcases.PageSignIn_Test" time="0.76"/>
  <testcase name="TC04" classname="com.qa.testcases.PageSignIn_Test" time="1.882"/>
  <testcase name="TC05" classname="com.qa.testcases.PageSignIn_Test" time="1.936"/>
  <testcase name="TC06" classname="com.qa.testcases.PageSignIn_Test" time="1.705"/>
  <testcase name="TC07" classname="com.qa.testcases.PageSignIn_Test" time="2.001"/>
  <testcase name="TC08" classname="com.qa.testcases.PageSignIn_Test" time="1.478"/>
  <testcase name="TC09" classname="com.qa.testcases.PageSignIn_Test" time="2.311"/>
  <testcase name="TC01" classname="com.qa.testcases.PageAddress_Test" time="1.422"/>
  <testcase name="TC02" classname="com.qa.testcases.PageAddress_Test" time="5.164"/>
  <testcase name="TC03" classname="com.qa.testcases.PageAddress_Test" time="0.834"/>
  <testcase name="TC04" classname="com.qa.testcases.PageAddress_Test" time="1.424"/>
  <testcase name="TC05" classname="com.qa.testcases.PageAddress_Test" time="2.187"/>
  <testcase name="TC06" classname="com.qa.testcases.PageAddress_Test" time="1.764"/>
  <testcase name="TC01" classname="com.qa.testcases.PageShipping_Test" time="0.134"/>
  <testcase name="TC02" classname="com.qa.testcases.PageShipping_Test" time="0.06"/>
  <testcase name="TC03" classname="com.qa.testcases.PageShipping_Test" time="31.449"/>
  <testcase name="TC04" classname="com.qa.testcases.PageShipping_Test" time="15.56"/>
  <testcase name="TC05" classname="com.qa.testcases.PageShipping_Test" time="1.976"/>
  <testcase name="TC01" classname="com.qa.testcases.PagePayment_Test" time="0.632"/>
  <testcase name="TC02" classname="com.qa.testcases.PagePayment_Test" time="1.341"/>
  <testcase name="TC01" classname="com.qa.testcases.PageBankWirePayment_Test" time="0.056"/>
  <testcase name="TC02" classname="com.qa.testcases.PageBankWirePayment_Test" time="0.053"/>
  <testcase name="TC03" classname="com.qa.testcases.PageBankWirePayment_Test" time="2.562"/>
  <testcase name="TC01" classname="com.qa.testcases.PageOrderConfirmation_Test" time="0.301"/>
  <testcase name="TC02" classname="com.qa.testcases.PageOrderConfirmation_Test" time="5.481"/>
  <testcase name="TC01" classname="com.qa.testcases.PageOrderHistory_Test" time="0.189"/>
  <testcase name="TC02" classname="com.qa.testcases.PageOrderHistory_Test" time="0.213"/>
  <testcase name="TC04" classname="com.qa.testcases.PageOrderHistory_Test" time="31.847"/>
  <testcase name="TC05" classname="com.qa.testcases.PageOrderHistory_Test" time="0.311"/>
  <testcase name="TC06" classname="com.qa.testcases.PageOrderHistory_Test" time="0.54"/>
  <testcase name="TC07" classname="com.qa.testcases.PageOrderHistory_Test" time="0.536"/>
  <testcase name="TC08" classname="com.qa.testcases.PageOrderHistory_Test" time="0.638"/>
  <testcase name="TC09" classname="com.qa.testcases.PageOrderHistory_Test" time="0.827"/>
  <testcase name="TC10" classname="com.qa.testcases.PageOrderHistory_Test" time="3.353"/>
  <testcase name="TC11" classname="com.qa.testcases.PageOrderHistory_Test" time="1.399"/>
</testsuite>