<?xml version="1.0" encoding="UTF-8"?>
<!-- Generated by org.testng.reporters.JUnitReportReporter -->
<testsuite skipped="0" hostname="Surajk-PC" name="com.qa.testcases.PageProductDetails_Test" tests="2" failures="0" timestamp="2020-08-09T13:57:18 IST" time="0.227" errors="0">
  <testcase name="verifyProductNameFromHeader" time="0.169" classname="com.qa.testcases.PageProductDetails_Test"/>
  <system-out/>
  <testcase name="verifyProductName" time="0.058" classname="com.qa.testcases.PageProductDetails_Test"/>
  <system-out/>
</testsuite> <!-- com.qa.testcases.PageProductDetails_Test -->
