<?xml version="1.0" encoding="UTF-8"?>
<!-- Generated by org.testng.reporters.JUnitReportReporter -->
<testsuite skipped="1" hostname="Surajk-PC" name="com.qa.testcases.PageSummary_Test" tests="7" failures="0" timestamp="2020-08-09T14:06:02 IST" time="37.017" errors="0">
  <testcase name="verify_CartProductDetails" time="0.255" classname="com.qa.testcases.PageSummary_Test"/>
  <system-out/>
  <testcase name="verify_ProductDetails" time="0.579" classname="com.qa.testcases.PageSummary_Test"/>
  <system-out/>
  <testcase name="verify_ProductCount" time="0.039" classname="com.qa.testcases.PageSummary_Test"/>
  <system-out/>
  <testcase name="verify_ProductAvailabilityStatus" time="0.121" classname="com.qa.testcases.PageSummary_Test"/>
  <system-out/>
  <testcase name="verify_ContinueShoppingFeature" time="2.756" classname="com.qa.testcases.PageSummary_Test"/>
  <system-out/>
  <testcase name="verify_ProceedToCheckOutFeature" time="33.267" classname="com.qa.testcases.PageSummary_Test"/>
  <system-out/>
  <testcase name="verify_RemoveProductFeature" classname="com.qa.testcases.PageSummary_Test">
    <skipped/>
  </testcase> <!-- verify_RemoveProductFeature -->
  <system-out/>
</testsuite> <!-- com.qa.testcases.PageSummary_Test -->
