<?xml version="1.0" encoding="UTF-8"?>
<!-- Generated by org.testng.reporters.JUnitReportReporter -->
<testsuite skipped="1" hostname="Surajk-PC" name="com.qa.testcases.PagePayment_Test" tests="3" failures="0" timestamp="2020-08-09T14:06:02 IST" time="2.029" errors="0">
  <testcase name="TC01" time="0.690" classname="com.qa.testcases.PagePayment_Test"/>
  <system-out/>
  <testcase name="TC02" time="1.339" classname="com.qa.testcases.PagePayment_Test"/>
  <system-out/>
  <testcase name="TC03" classname="com.qa.testcases.PagePayment_Test">
    <skipped/>
  </testcase> <!-- TC03 -->
  <system-out/>
</testsuite> <!-- com.qa.testcases.PagePayment_Test -->
