<?xml version="1.0" encoding="UTF-8"?>
<!-- Generated by org.testng.reporters.JUnitReportReporter -->
<testsuite skipped="0" hostname="Surajk-PC" name="com.qa.testcases.PageCart_Test" tests="1" failures="0" timestamp="2020-08-09T14:06:02 IST" time="20.731" errors="0">
  <testcase name="verifyCheckOut" time="20.731" classname="com.qa.testcases.PageCart_Test"/>
  <system-out/>
</testsuite> <!-- com.qa.testcases.PageCart_Test -->
