<?xml version="1.0" encoding="UTF-8"?>
<!-- Generated by org.testng.reporters.JUnitReportReporter -->
<testsuite skipped="0" hostname="Surajk-PC" name="com.qa.testcases.PageBankWirePayment_Test" tests="3" failures="0" timestamp="2020-08-09T14:06:02 IST" time="2.670" errors="0">
  <testcase name="TC01" time="0.055" classname="com.qa.testcases.PageBankWirePayment_Test"/>
  <system-out/>
  <testcase name="TC02" time="0.053" classname="com.qa.testcases.PageBankWirePayment_Test"/>
  <system-out/>
  <testcase name="TC03" time="2.562" classname="com.qa.testcases.PageBankWirePayment_Test"/>
  <system-out/>
</testsuite> <!-- com.qa.testcases.PageBankWirePayment_Test -->
