<?xml version="1.0" encoding="UTF-8"?>
<!-- Generated by org.testng.reporters.JUnitReportReporter -->
<testsuite skipped="0" hostname="Surajk-PC" name="com.qa.testcases.PageOrderConfirmation_Test" tests="2" failures="0" timestamp="2020-08-09T14:06:02 IST" time="5.783" errors="0">
  <testcase name="TC01" time="0.300" classname="com.qa.testcases.PageOrderConfirmation_Test"/>
  <system-out/>
  <testcase name="TC02" time="5.483" classname="com.qa.testcases.PageOrderConfirmation_Test"/>
  <system-out/>
</testsuite> <!-- com.qa.testcases.PageOrderConfirmation_Test -->
