<?xml version="1.0" encoding="UTF-8"?>
<!-- Generated by org.testng.reporters.JUnitReportReporter -->
<testsuite skipped="0" hostname="Surajk-PC" name="com.qa.testcases.PageShipping_Test" tests="5" failures="0" timestamp="2020-08-09T14:06:02 IST" time="49.178" errors="0">
  <testcase name="TC01" time="0.133" classname="com.qa.testcases.PageShipping_Test"/>
  <system-out/>
  <testcase name="TC02" time="0.060" classname="com.qa.testcases.PageShipping_Test"/>
  <system-out/>
  <testcase name="TC03" time="31.448" classname="com.qa.testcases.PageShipping_Test"/>
  <system-out/>
  <testcase name="TC04" time="15.559" classname="com.qa.testcases.PageShipping_Test"/>
  <system-out/>
  <testcase name="TC05" time="1.978" classname="com.qa.testcases.PageShipping_Test"/>
  <system-out/>
</testsuite> <!-- com.qa.testcases.PageShipping_Test -->
