<?xml version="1.0" encoding="UTF-8"?>
<!-- Generated by org.testng.reporters.JUnitReportReporter -->
<testsuite skipped="1" hostname="Surajk-PC" name="com.qa.testcases.PageOrderHistory_Test" tests="11" failures="0" timestamp="2020-08-09T14:06:02 IST" time="39.952" errors="0">
  <testcase name="TC01" time="0.189" classname="com.qa.testcases.PageOrderHistory_Test"/>
  <system-out/>
  <testcase name="TC02" time="0.213" classname="com.qa.testcases.PageOrderHistory_Test"/>
  <system-out/>
  <testcase name="TC04" time="31.845" classname="com.qa.testcases.PageOrderHistory_Test"/>
  <system-out/>
  <testcase name="TC05" time="0.311" classname="com.qa.testcases.PageOrderHistory_Test"/>
  <system-out/>
  <testcase name="TC06" time="0.540" classname="com.qa.testcases.PageOrderHistory_Test"/>
  <system-out/>
  <testcase name="TC07" time="0.585" classname="com.qa.testcases.PageOrderHistory_Test"/>
  <system-out/>
  <testcase name="TC08" time="0.669" classname="com.qa.testcases.PageOrderHistory_Test"/>
  <system-out/>
  <testcase name="TC09" time="0.848" classname="com.qa.testcases.PageOrderHistory_Test"/>
  <system-out/>
  <testcase name="TC10" time="3.353" classname="com.qa.testcases.PageOrderHistory_Test"/>
  <system-out/>
  <testcase name="TC11" time="1.399" classname="com.qa.testcases.PageOrderHistory_Test"/>
  <system-out/>
  <testcase name="TC03" classname="com.qa.testcases.PageOrderHistory_Test">
    <skipped/>
  </testcase> <!-- TC03 -->
  <system-out/>
</testsuite> <!-- com.qa.testcases.PageOrderHistory_Test -->
