<?xml version="1.0" encoding="UTF-8"?>
<!-- Generated by org.testng.reporters.JUnitReportReporter -->
<testsuite skipped="1" hostname="Surajk-PC" name="com.qa.testcases.PageSignIn_Test" tests="9" failures="0" timestamp="2020-08-09T14:06:02 IST" time="16.820" errors="0">
  <testcase name="TC01" time="2.822" classname="com.qa.testcases.PageSignIn_Test"/>
  <system-out/>
  <testcase name="TC02" time="0.970" classname="com.qa.testcases.PageSignIn_Test"/>
  <system-out/>
  <testcase name="TC04" time="2.174" classname="com.qa.testcases.PageSignIn_Test"/>
  <system-out/>
  <testcase name="TC05" time="2.236" classname="com.qa.testcases.PageSignIn_Test"/>
  <system-out/>
  <testcase name="TC06" time="1.876" classname="com.qa.testcases.PageSignIn_Test"/>
  <system-out/>
  <testcase name="TC07" time="2.330" classname="com.qa.testcases.PageSignIn_Test"/>
  <system-out/>
  <testcase name="TC08" time="1.720" classname="com.qa.testcases.PageSignIn_Test"/>
  <system-out/>
  <testcase name="TC09" time="2.692" classname="com.qa.testcases.PageSignIn_Test"/>
  <system-out/>
  <testcase name="TC03" classname="com.qa.testcases.PageSignIn_Test">
    <skipped/>
  </testcase> <!-- TC03 -->
  <system-out/>
</testsuite> <!-- com.qa.testcases.PageSignIn_Test -->
