<?xml version="1.0" encoding="UTF-8"?>
<!-- Generated by org.testng.reporters.JUnitReportReporter -->
<testsuite skipped="0" hostname="Surajk-PC" name="com.qa.testcases.PageAddress_Test" tests="6" failures="0" timestamp="2020-08-09T14:06:02 IST" time="12.848" errors="0">
  <testcase name="TC01" time="1.423" classname="com.qa.testcases.PageAddress_Test"/>
  <system-out/>
  <testcase name="TC02" time="5.158" classname="com.qa.testcases.PageAddress_Test"/>
  <system-out/>
  <testcase name="TC03" time="0.853" classname="com.qa.testcases.PageAddress_Test"/>
  <system-out/>
  <testcase name="TC04" time="1.461" classname="com.qa.testcases.PageAddress_Test"/>
  <system-out/>
  <testcase name="TC05" time="2.187" classname="com.qa.testcases.PageAddress_Test"/>
  <system-out/>
  <testcase name="TC06" time="1.766" classname="com.qa.testcases.PageAddress_Test"/>
  <system-out/>
</testsuite> <!-- com.qa.testcases.PageAddress_Test -->
