<?xml version="1.0" encoding="UTF-8"?>
<!-- Generated by org.testng.reporters.JUnitReportReporter -->
<testsuite skipped="3" hostname="Surajk-PC" name="com.qa.testcases.PageHome_Test" tests="4" failures="0" timestamp="2020-08-09T13:57:18 IST" time="5.335" errors="0">
  <testcase name="verifyBtnMore" time="5.335" classname="com.qa.testcases.PageHome_Test"/>
  <system-out/>
  <testcase name="verifyLnkLblSignIn" classname="com.qa.testcases.PageHome_Test">
    <skipped/>
  </testcase> <!-- verifyLnkLblSignIn -->
  <system-out/>
  <testcase name="verifyLnkLblContactUs" classname="com.qa.testcases.PageHome_Test">
    <skipped/>
  </testcase> <!-- verifyLnkLblContactUs -->
  <system-out/>
  <testcase name="verifyPopularProductList" classname="com.qa.testcases.PageHome_Test">
    <skipped/>
  </testcase> <!-- verifyPopularProductList -->
  <system-out/>
</testsuite> <!-- com.qa.testcases.PageHome_Test -->
